#
# There is insufficient memory for the Java Runtime Environment to continue.
# Native memory allocation (mmap) failed to map 123731968 bytes for G1 virtual space
# Possible reasons:
#   The system is out of physical RAM or swap space
#   The process is running with CompressedOops enabled, and the Java Heap may be blocking the growth of the native heap
# Possible solutions:
#   Reduce memory load on the system
#   Increase physical memory or swap space
#   Check if swap backing store is full
#   Decrease Java heap size (-Xmx/-Xms)
#   Decrease number of Java threads
#   Decrease Java thread stack sizes (-Xss)
#   Set larger code cache with -XX:ReservedCodeCacheSize=
#   JVM is running with Unscaled Compressed Oops mode in which the Java heap is
#     placed in the first 4GB address space. The Java Heap base address is the
#     maximum limit for the native heap growth. Please use -XX:HeapBaseMinAddress
#     to set the Java Heap base and to place the Java Heap above 4GB virtual address.
# This output file may be truncated or incomplete.
#
#  Out of Memory Error (os_windows.cpp:3825), pid=29236, tid=20960
#
# JRE version:  (17.0.10+1) (build )
# Java VM: OpenJDK 64-Bit Server VM (17.0.10+1-b1087.17, mixed mode, sharing, tiered, compressed oops, compressed class ptrs, g1 gc, windows-amd64)
# No core dump will be written. Minidumps are not enabled by default on client versions of Windows
#

---------------  S U M M A R Y ------------

Command Line: git4idea.http.GitAskPassApp Username for 'https://github.com': 

Host: AMD Ryzen 5 5500U with Radeon Graphics         , 12 cores, 7G,  Windows 11 , 64 bit Build 22621 (10.0.22621.3085)
Time: Mon Mar 18 09:16:31 2024 Hora est. Pacífico, Sudamérica elapsed time: 0.014368 seconds (0d 0h 0m 0s)

---------------  T H R E A D  ---------------

Current thread (0x0000020de69c2290):  JavaThread "Unknown thread" [_thread_in_vm, id=20960, stack(0x0000001233f00000,0x0000001234000000)]

Stack: [0x0000001233f00000,0x0000001234000000]
Native frames: (J=compiled Java code, j=interpreted, Vv=VM code, C=native code)
V  [jvm.dll+0x688ac9]
V  [jvm.dll+0x84220a]
V  [jvm.dll+0x843e4e]
V  [jvm.dll+0x8444b3]
V  [jvm.dll+0x24ba8f]
V  [jvm.dll+0x685899]
V  [jvm.dll+0x67a14a]
V  [jvm.dll+0x30c7eb]
V  [jvm.dll+0x313c96]
V  [jvm.dll+0x363a2e]
V  [jvm.dll+0x363c5f]
V  [jvm.dll+0x2e25b8]
V  [jvm.dll+0x2e3524]
V  [jvm.dll+0x812d71]
V  [jvm.dll+0x3718e1]
V  [jvm.dll+0x7f18d6]
V  [jvm.dll+0x3f553f]
V  [jvm.dll+0x3f7171]
C  [jli.dll+0x528f]
C  [ucrtbase.dll+0x29363]
C  [KERNEL32.DLL+0x1257d]
C  [ntdll.dll+0x5aa58]


---------------  P R O C E S S  ---------------

Threads class SMR info:
_java_thread_list=0x00007ffeba2fef58, length=0, elements={
}

Java Threads: ( => current thread )

Other Threads:
  0x0000020de6a1b150 GCTaskThread "GC Thread#0" [stack: 0x0000001234000000,0x0000001234100000] [id=29084]
  0x0000020de6a2ab20 ConcurrentGCThread "G1 Main Marker" [stack: 0x0000001234100000,0x0000001234200000] [id=9728]
  0x0000020de6a2c620 ConcurrentGCThread "G1 Conc#0" [stack: 0x0000001234200000,0x0000001234300000] [id=31372]

[error occurred during error reporting (printing all threads), id 0xc0000005, EXCEPTION_ACCESS_VIOLATION (0xc0000005) at pc=0x00007ffeb9ab3187]

VM state: not at safepoint (not fully initialized)

VM Mutex/Monitor currently owned by a thread:  ([mutex/lock_event])
[0x0000020de69bd480] Heap_lock - owner thread: 0x0000020de69c2290

Heap address: 0x000000008ac00000, size: 1876 MB, Compressed Oops mode: 32-bit

CDS archive(s) mapped at: [0x0000000000000000-0x0000000000000000-0x0000000000000000), size 0, SharedBaseAddress: 0x0000000800000000, ArchiveRelocationMode: 1.
Narrow klass base: 0x0000000000000000, Narrow klass shift: 0, Narrow klass range: 0x0

GC Precious Log:
<Empty>

Heap:
 garbage-first heap   total 0K, used 0K [0x000000008ac00000, 0x0000000100000000)
  region size 1024K, 0 young (0K), 0 survivors (0K)
 Metaspace       used 0K, committed 0K, reserved 0K
  class space    used 0K, committed 0K, reserved 0K

Heap Regions: E=young(eden), S=young(survivor), O=old, HS=humongous(starts), HC=humongous(continues), CS=collection set, F=free, OA=open archive, CA=closed archive, TAMS=top-at-mark-start (previous, next)

Card table byte_map: [0x0000020df9a30000,0x0000020df9de0000] _byte_map_base: 0x0000020df95da000

Marking Bits (Prev, Next): (CMBitMap*) 0x0000020de6a1b770, (CMBitMap*) 0x0000020de6a1b7b0
 Prev Bits: [0x0000020dfa190000, 0x0000020dfbee0000)
 Next Bits: [0x0000020dfbee0000, 0x0000020dfdc30000)

GC Heap History (0 events):
No events

Dll operation events (1 events):
Event: 0.010 Loaded shared library C:\Program Files\JetBrains\WebStorm 2023.3.4\jbr\bin\java.dll

Deoptimization events (0 events):
No events

Classes unloaded (0 events):
No events

Classes redefined (0 events):
No events

Internal exceptions (0 events):
No events

VM Operations (0 events):
No events

Events (0 events):
No events


Dynamic libraries:
0x00007ff6322c0000 - 0x00007ff6322ca000 	C:\Program Files\JetBrains\WebStorm 2023.3.4\jbr\bin\java.exe
0x00007fff699d0000 - 0x00007fff69be7000 	C:\WINDOWS\SYSTEM32\ntdll.dll
0x00007fff4a8b0000 - 0x00007fff4a8c9000 	C:\Program Files\Avast Software\Avast\aswhook.dll
0x00007fff68590000 - 0x00007fff68654000 	C:\WINDOWS\System32\KERNEL32.DLL
0x00007fff66e80000 - 0x00007fff67226000 	C:\WINDOWS\System32\KERNELBASE.dll
0x00007fff673b0000 - 0x00007fff674c1000 	C:\WINDOWS\System32\ucrtbase.dll
0x00007fff4ee30000 - 0x00007fff4ee47000 	C:\Program Files\JetBrains\WebStorm 2023.3.4\jbr\bin\jli.dll
0x00007fff35c10000 - 0x00007fff35c2b000 	C:\Program Files\JetBrains\WebStorm 2023.3.4\jbr\bin\VCRUNTIME140.dll
0x00007fff683e0000 - 0x00007fff6858e000 	C:\WINDOWS\System32\USER32.dll
0x00007fff4f8e0000 - 0x00007fff4fb73000 	C:\WINDOWS\WinSxS\amd64_microsoft.windows.common-controls_6595b64144ccf1df_6.0.22621.2506_none_270c5ae97388e100\COMCTL32.dll
0x00007fff67380000 - 0x00007fff673a6000 	C:\WINDOWS\System32\win32u.dll
0x00007fff68330000 - 0x00007fff683d7000 	C:\WINDOWS\System32\msvcrt.dll
0x00007fff690c0000 - 0x00007fff690e9000 	C:\WINDOWS\System32\GDI32.dll
0x00007fff67230000 - 0x00007fff67348000 	C:\WINDOWS\System32\gdi32full.dll
0x00007fff675c0000 - 0x00007fff6765a000 	C:\WINDOWS\System32\msvcp_win.dll
0x00007fff690f0000 - 0x00007fff69121000 	C:\WINDOWS\System32\IMM32.DLL
0x00007fff5acd0000 - 0x00007fff5acdc000 	C:\Program Files\JetBrains\WebStorm 2023.3.4\jbr\bin\vcruntime140_1.dll
0x00007fff05df0000 - 0x00007fff05e7d000 	C:\Program Files\JetBrains\WebStorm 2023.3.4\jbr\bin\msvcp140.dll
0x00007ffeb97c0000 - 0x00007ffeba443000 	C:\Program Files\JetBrains\WebStorm 2023.3.4\jbr\bin\server\jvm.dll
0x00007fff68270000 - 0x00007fff68323000 	C:\WINDOWS\System32\ADVAPI32.dll
0x00007fff67730000 - 0x00007fff677d8000 	C:\WINDOWS\System32\sechost.dll
0x00007fff67350000 - 0x00007fff67378000 	C:\WINDOWS\System32\bcrypt.dll
0x00007fff677e0000 - 0x00007fff678f7000 	C:\WINDOWS\System32\RPCRT4.dll
0x00007fff4cd00000 - 0x00007fff4cd09000 	C:\WINDOWS\SYSTEM32\WSOCK32.dll
0x00007fff66520000 - 0x00007fff6656d000 	C:\WINDOWS\SYSTEM32\POWRPROF.dll
0x00007fff67a70000 - 0x00007fff67ae1000 	C:\WINDOWS\System32\WS2_32.dll
0x00007fff5de30000 - 0x00007fff5de3a000 	C:\WINDOWS\SYSTEM32\VERSION.dll
0x00007fff5f360000 - 0x00007fff5f394000 	C:\WINDOWS\SYSTEM32\WINMM.dll
0x00007fff664a0000 - 0x00007fff664b3000 	C:\WINDOWS\SYSTEM32\UMPDC.dll
0x00007fff65d50000 - 0x00007fff65d68000 	C:\WINDOWS\SYSTEM32\kernel.appcore.dll
0x00007fff63950000 - 0x00007fff6395a000 	C:\Program Files\JetBrains\WebStorm 2023.3.4\jbr\bin\jimage.dll
0x00007fff55f30000 - 0x00007fff56163000 	C:\WINDOWS\SYSTEM32\DBGHELP.DLL
0x00007fff68670000 - 0x00007fff689f9000 	C:\WINDOWS\System32\combase.dll
0x00007fff68e40000 - 0x00007fff68f17000 	C:\WINDOWS\System32\OLEAUT32.dll
0x00007fff55590000 - 0x00007fff555c2000 	C:\WINDOWS\SYSTEM32\dbgcore.DLL
0x00007fff67540000 - 0x00007fff675ba000 	C:\WINDOWS\System32\bcryptPrimitives.dll
0x00007fff54980000 - 0x00007fff549a5000 	C:\Program Files\JetBrains\WebStorm 2023.3.4\jbr\bin\java.dll

dbghelp: loaded successfully - version: 4.0.5 - missing functions: none
symbol engine: initialized successfully - sym options: 0x614 - pdb path: .;C:\Program Files\JetBrains\WebStorm 2023.3.4\jbr\bin;C:\WINDOWS\SYSTEM32;C:\Program Files\Avast Software\Avast;C:\WINDOWS\WinSxS\amd64_microsoft.windows.common-controls_6595b64144ccf1df_6.0.22621.2506_none_270c5ae97388e100;C:\Program Files\JetBrains\WebStorm 2023.3.4\jbr\bin\server

VM Arguments:
java_command: git4idea.http.GitAskPassApp Username for 'https://github.com': 
java_class_path (initial): C:/Program Files/JetBrains/WebStorm 2023.3.4/plugins/vcs-git/lib/git4idea-rt.jar;C:/Program Files/JetBrains/WebStorm 2023.3.4/lib/externalProcess-rt.jar
Launcher Type: SUN_STANDARD

[Global flags]
     intx CICompilerCount                          = 4                                         {product} {ergonomic}
     uint ConcGCThreads                            = 3                                         {product} {ergonomic}
     uint G1ConcRefinementThreads                  = 10                                        {product} {ergonomic}
   size_t G1HeapRegionSize                         = 1048576                                   {product} {ergonomic}
    uintx GCDrainStackTargetSize                   = 64                                        {product} {ergonomic}
   size_t InitialHeapSize                          = 123731968                                 {product} {ergonomic}
   size_t MarkStackSize                            = 4194304                                   {product} {ergonomic}
   size_t MaxHeapSize                              = 1967128576                                {product} {ergonomic}
   size_t MinHeapDeltaBytes                        = 1048576                                   {product} {ergonomic}
   size_t MinHeapSize                              = 8388608                                   {product} {ergonomic}
    uintx NonNMethodCodeHeapSize                   = 5839372                                {pd product} {ergonomic}
    uintx NonProfiledCodeHeapSize                  = 122909434                              {pd product} {ergonomic}
    uintx ProfiledCodeHeapSize                     = 122909434                              {pd product} {ergonomic}
    uintx ReservedCodeCacheSize                    = 251658240                              {pd product} {ergonomic}
     bool SegmentedCodeCache                       = true                                      {product} {ergonomic}
   size_t SoftMaxHeapSize                          = 1967128576                             {manageable} {ergonomic}
     bool UseCompressedClassPointers               = true                           {product lp64_product} {ergonomic}
     bool UseCompressedOops                        = true                           {product lp64_product} {ergonomic}
     bool UseG1GC                                  = true                                      {product} {ergonomic}
     bool UseLargePagesIndividualAllocation        = false                                  {pd product} {ergonomic}

Logging:
Log output configuration:
 #0: stdout all=warning uptime,level,tags
 #1: stderr all=off uptime,level,tags

Environment Variables:
JAVA_HOME=C:\Program Files\Java\jdk-17
PATH=C:\Program Files\Git\mingw64\libexec\git-core;C:\Program Files\Git\mingw64\libexec\git-core;C:\Program Files\Git\mingw64\bin;C:\Program Files\Git\usr\bin;C:\Users\PERSONAL\bin;C:\Program Files\Common Files\Oracle\Java\javapath;C:\WINDOWS\system32;C:\WINDOWS;C:\WINDOWS\System32\Wbem;C:\WINDOWS\System32\WindowsPowerShell\v1.0;C:\WINDOWS\System32\OpenSSH;C:\Program Files\Git\cmd;C:\Program Files\nodejs;C:\Program Files\PostgreSQL\13\bin;C:\Program Files\Docker\Docker\resources\bin;C:\Program Files\PuTTY;C:\Program Files\MySQL\MySQL Shell 8.0\bin;C:\Users\PERSONAL\AppData\Local\Programs\Python\Python39\Scripts;C:\Users\PERSONAL\AppData\Local\Programs\Python\Python39;C:\Users\PERSONAL\AppData\Local\Microsoft\WindowsApps;C:\Program Files\JetBrains\PyCharm 2021.3.3\bin;C:\Program Files\JetBrains\IntelliJ IDEA 2021.3.3\bin;C:\Users\PERSONAL\AppData\Roaming\npm;C:\Users\PERSONAL\AppData\Local\Programs\Microsoft VS Code\bin;C:\Users\PERSONAL\AppData\Local\JetBrains\Toolbox\scripts;C:\Users\PERSONAL\AppData\Local\Programs\oh-my-posh\bin;C:\Users\PERSONAL\AppData\Local\Microsoft\WindowsApps;C:\Program Files\JetBrains\WebStorm 2023.3.4\bin;C:\Users\PERSONAL\AppData\Local\gitkraken\bin
USERNAME=PERSONAL
DISPLAY=:0.0
LC_ALL=en_US.UTF-8
TERM=cygwin
TMPDIR=C:\Users\PERSONAL\AppData\Local\Temp
OS=Windows_NT
PROCESSOR_IDENTIFIER=AMD64 Family 23 Model 104 Stepping 1, AuthenticAMD
TMP=C:\Users\PERSONAL\AppData\Local\Temp
TEMP=C:\Users\PERSONAL\AppData\Local\Temp



Periodic native trim disabled

JNI global refs:
JNI global refs: 0, weak refs: 0

JNI global refs memory usage: 0, weak refs: 0

OOME stack traces (most recent first):
Classloader memory used:


---------------  S Y S T E M  ---------------

OS:
 Windows 11 , 64 bit Build 22621 (10.0.22621.3085)
OS uptime: 10 days 1:05 hours
Hyper-V role detected

CPU: total 12 (initial active 12) (12 cores per cpu, 2 threads per core) family 23 model 104 stepping 1 microcode 0x0, cx8, cmov, fxsr, ht, mmx, 3dnowpref, sse, sse2, sse3, ssse3, sse4a, sse4.1, sse4.2, popcnt, lzcnt, tsc, tscinvbit, avx, avx2, aes, clmul, bmi1, bmi2, adx, sha, fma, vzeroupper, clflush, clflushopt, hv
Processor Information for processor 0
  Max Mhz: 2100, Current Mhz: 1988, Mhz Limit: 2100
Processor Information for processor 1
  Max Mhz: 2100, Current Mhz: 1988, Mhz Limit: 2100
Processor Information for processor 2
  Max Mhz: 2100, Current Mhz: 1988, Mhz Limit: 2100
Processor Information for processor 3
  Max Mhz: 2100, Current Mhz: 1988, Mhz Limit: 2100
Processor Information for processor 4
  Max Mhz: 2100, Current Mhz: 1988, Mhz Limit: 2100
Processor Information for processor 5
  Max Mhz: 2100, Current Mhz: 1988, Mhz Limit: 2100
Processor Information for processor 6
  Max Mhz: 2100, Current Mhz: 1988, Mhz Limit: 2100
Processor Information for processor 7
  Max Mhz: 2100, Current Mhz: 2100, Mhz Limit: 2100
Processor Information for processor 8
  Max Mhz: 2100, Current Mhz: 1988, Mhz Limit: 2100
Processor Information for processor 9
  Max Mhz: 2100, Current Mhz: 1988, Mhz Limit: 2100
Processor Information for processor 10
  Max Mhz: 2100, Current Mhz: 1988, Mhz Limit: 2100
Processor Information for processor 11
  Max Mhz: 2100, Current Mhz: 2100, Mhz Limit: 2100

Memory: 4k page, system-wide physical 7502M (174M free)
TotalPageFile size 30030M (AvailPageFile size 108M)
current process WorkingSet (physical memory assigned to process): 11M, peak: 11M
current process commit charge ("private bytes"): 64M, peak: 182M

vm_info: OpenJDK 64-Bit Server VM (17.0.10+1-b1087.17) for windows-amd64 JRE (17.0.10+1-b1087.17), built on 2024-01-19 by "builduser" with MS VC++ 16.10 / 16.11 (VS2019)

END.
